2016-02-09 18:43:40,209 - Log4JLogChute initialized using file 'velocity.log'
2016-02-09 18:43:40,209 - Velocity was not initialized! Calling init()...
2016-02-09 18:43:40,210 - Starting Apache Velocity v1.5 (compiled: 2007-02-22 08:52:29)
2016-02-09 18:43:40,210 - Default Properties File: org/apache/velocity/runtime/defaults/velocity.properties
2016-02-09 18:43:40,210 - Trying to use logger class org.apache.velocity.runtime.log.AvalonLogChute
2016-02-09 18:43:40,210 - Couldn't find class org.apache.velocity.runtime.log.AvalonLogChute or necessary supporting classes in classpath.
java.lang.NoClassDefFoundError: org/apache/log/format/Formatter
	at java.lang.Class.forName0(Native Method)
	at java.lang.Class.forName(Class.java:348)
	at org.apache.velocity.util.ClassUtils.getClass(ClassUtils.java:63)
	at org.apache.velocity.util.ClassUtils.getNewInstance(ClassUtils.java:95)
	at org.apache.velocity.runtime.log.LogManager.createLogChute(LogManager.java:147)
	at org.apache.velocity.runtime.log.LogManager.updateLog(LogManager.java:208)
	at org.apache.velocity.runtime.RuntimeInstance.initializeLog(RuntimeInstance.java:728)
	at org.apache.velocity.runtime.RuntimeInstance.init(RuntimeInstance.java:240)
	at org.apache.velocity.runtime.RuntimeInstance.parse(RuntimeInstance.java:993)
	at org.apache.velocity.runtime.RuntimeInstance.parse(RuntimeInstance.java:972)
	at org.apache.velocity.runtime.RuntimeSingleton.parse(RuntimeSingleton.java:265)
	at org.apache.velocity.app.Velocity.evaluate(Velocity.java:274)
	at org.sonatype.mavenbook.weather.WeatherFormatter.format(WeatherFormatter.java:21)
	at org.sonatype.mavenbook.weather.yahoo.WeatherFormatterTest.testFormat(WeatherFormatterTest.java:23)
	at sun.reflect.NativeMethodAccessorImpl.invoke0(Native Method)
	at sun.reflect.NativeMethodAccessorImpl.invoke(NativeMethodAccessorImpl.java:62)
	at sun.reflect.DelegatingMethodAccessorImpl.invoke(DelegatingMethodAccessorImpl.java:43)
	at java.lang.reflect.Method.invoke(Method.java:497)
	at junit.framework.TestCase.runTest(TestCase.java:176)
	at junit.framework.TestCase.runBare(TestCase.java:141)
	at junit.framework.TestResult$1.protect(TestResult.java:122)
	at junit.framework.TestResult.runProtected(TestResult.java:142)
	at junit.framework.TestResult.run(TestResult.java:125)
	at junit.framework.TestCase.run(TestCase.java:129)
	at junit.framework.TestSuite.runTest(TestSuite.java:252)
	at junit.framework.TestSuite.run(TestSuite.java:247)
	at org.junit.internal.runners.JUnit38ClassRunner.run(JUnit38ClassRunner.java:86)
	at org.apache.maven.surefire.junit4.JUnit4Provider.execute(JUnit4Provider.java:252)
	at org.apache.maven.surefire.junit4.JUnit4Provider.executeTestSet(JUnit4Provider.java:141)
	at org.apache.maven.surefire.junit4.JUnit4Provider.invoke(JUnit4Provider.java:112)
	at sun.reflect.NativeMethodAccessorImpl.invoke0(Native Method)
	at sun.reflect.NativeMethodAccessorImpl.invoke(NativeMethodAccessorImpl.java:62)
	at sun.reflect.DelegatingMethodAccessorImpl.invoke(DelegatingMethodAccessorImpl.java:43)
	at java.lang.reflect.Method.invoke(Method.java:497)
	at org.apache.maven.surefire.util.ReflectionUtils.invokeMethodWithArray(ReflectionUtils.java:189)
	at org.apache.maven.surefire.booter.ProviderFactory$ProviderProxy.invoke(ProviderFactory.java:165)
	at org.apache.maven.surefire.booter.ProviderFactory.invokeProvider(ProviderFactory.java:85)
	at org.apache.maven.surefire.booter.ForkedBooter.runSuitesInProcess(ForkedBooter.java:115)
	at org.apache.maven.surefire.booter.ForkedBooter.main(ForkedBooter.java:75)
Caused by: java.lang.ClassNotFoundException: org.apache.log.format.Formatter
	at java.net.URLClassLoader.findClass(URLClassLoader.java:381)
	at java.lang.ClassLoader.loadClass(ClassLoader.java:424)
	at sun.misc.Launcher$AppClassLoader.loadClass(Launcher.java:331)
	at java.lang.ClassLoader.loadClass(ClassLoader.java:357)
	... 39 more
2016-02-09 18:43:40,212 - Trying to use logger class org.apache.velocity.runtime.log.Log4JLogChute
2016-02-09 18:43:40,212 - Using logger class org.apache.velocity.runtime.log.Log4JLogChute
2016-02-09 18:43:40,213 - Default ResourceManager initializing. (class org.apache.velocity.runtime.resource.ResourceManagerImpl)
2016-02-09 18:43:40,215 - ResourceLoader instantiated: org.apache.velocity.runtime.resource.loader.FileResourceLoader
2016-02-09 18:43:40,220 - Do unicode file recognition:  false
2016-02-09 18:43:40,220 - FileResourceLoader : adding path '.'
2016-02-09 18:43:40,227 - ResourceCache: initialized (class org.apache.velocity.runtime.resource.ResourceCacheImpl)
2016-02-09 18:43:40,227 - Loaded System Directive: org.apache.velocity.runtime.directive.Literal
2016-02-09 18:43:40,228 - Loaded System Directive: org.apache.velocity.runtime.directive.Macro
2016-02-09 18:43:40,257 - Loaded System Directive: org.apache.velocity.runtime.directive.Parse
2016-02-09 18:43:40,258 - Loaded System Directive: org.apache.velocity.runtime.directive.Include
2016-02-09 18:43:40,258 - Loaded System Directive: org.apache.velocity.runtime.directive.Foreach
2016-02-09 18:43:40,291 - Created '20' parsers.
2016-02-09 18:43:40,294 - Velocimacro : "velocimacro.library" is not set.  Trying default library: VM_global_library.vm
2016-02-09 18:43:40,295 - Velocimacro : Default library not found.
2016-02-09 18:43:40,295 - Velocimacro : allowInline = true : VMs can be defined inline in templates
2016-02-09 18:43:40,295 - Velocimacro : allowInlineToOverride = false : VMs defined inline may NOT replace previous VM definitions
2016-02-09 18:43:40,295 - Velocimacro : allowInlineLocal = false : VMs defined inline will be global in scope if allowed.
2016-02-09 18:43:40,295 - Velocimacro : autoload off : VM system will not automatically reload global library macros
2016-02-09 18:47:11,482 - Log4JLogChute initialized using file 'velocity.log'
2016-02-09 18:47:11,483 - Velocity was not initialized! Calling init()...
2016-02-09 18:47:11,483 - Starting Apache Velocity v1.5 (compiled: 2007-02-22 08:52:29)
2016-02-09 18:47:11,483 - Default Properties File: org/apache/velocity/runtime/defaults/velocity.properties
2016-02-09 18:47:11,483 - Trying to use logger class org.apache.velocity.runtime.log.AvalonLogChute
2016-02-09 18:47:11,484 - Couldn't find class org.apache.velocity.runtime.log.AvalonLogChute or necessary supporting classes in classpath.
java.lang.NoClassDefFoundError: org/apache/log/format/Formatter
	at java.lang.Class.forName0(Native Method)
	at java.lang.Class.forName(Class.java:348)
	at org.apache.velocity.util.ClassUtils.getClass(ClassUtils.java:63)
	at org.apache.velocity.util.ClassUtils.getNewInstance(ClassUtils.java:95)
	at org.apache.velocity.runtime.log.LogManager.createLogChute(LogManager.java:147)
	at org.apache.velocity.runtime.log.LogManager.updateLog(LogManager.java:208)
	at org.apache.velocity.runtime.RuntimeInstance.initializeLog(RuntimeInstance.java:728)
	at org.apache.velocity.runtime.RuntimeInstance.init(RuntimeInstance.java:240)
	at org.apache.velocity.runtime.RuntimeInstance.parse(RuntimeInstance.java:993)
	at org.apache.velocity.runtime.RuntimeInstance.parse(RuntimeInstance.java:972)
	at org.apache.velocity.runtime.RuntimeSingleton.parse(RuntimeSingleton.java:265)
	at org.apache.velocity.app.Velocity.evaluate(Velocity.java:274)
	at org.sonatype.mavenbook.weather.WeatherFormatter.format(WeatherFormatter.java:21)
	at org.sonatype.mavenbook.weather.yahoo.WeatherFormatterTest.testFormat(WeatherFormatterTest.java:23)
	at sun.reflect.NativeMethodAccessorImpl.invoke0(Native Method)
	at sun.reflect.NativeMethodAccessorImpl.invoke(NativeMethodAccessorImpl.java:62)
	at sun.reflect.DelegatingMethodAccessorImpl.invoke(DelegatingMethodAccessorImpl.java:43)
	at java.lang.reflect.Method.invoke(Method.java:497)
	at junit.framework.TestCase.runTest(TestCase.java:176)
	at junit.framework.TestCase.runBare(TestCase.java:141)
	at junit.framework.TestResult$1.protect(TestResult.java:122)
	at junit.framework.TestResult.runProtected(TestResult.java:142)
	at junit.framework.TestResult.run(TestResult.java:125)
	at junit.framework.TestCase.run(TestCase.java:129)
	at junit.framework.TestSuite.runTest(TestSuite.java:252)
	at junit.framework.TestSuite.run(TestSuite.java:247)
	at org.junit.internal.runners.JUnit38ClassRunner.run(JUnit38ClassRunner.java:86)
	at org.apache.maven.surefire.junit4.JUnit4Provider.execute(JUnit4Provider.java:252)
	at org.apache.maven.surefire.junit4.JUnit4Provider.executeTestSet(JUnit4Provider.java:141)
	at org.apache.maven.surefire.junit4.JUnit4Provider.invoke(JUnit4Provider.java:112)
	at sun.reflect.NativeMethodAccessorImpl.invoke0(Native Method)
	at sun.reflect.NativeMethodAccessorImpl.invoke(NativeMethodAccessorImpl.java:62)
	at sun.reflect.DelegatingMethodAccessorImpl.invoke(DelegatingMethodAccessorImpl.java:43)
	at java.lang.reflect.Method.invoke(Method.java:497)
	at org.apache.maven.surefire.util.ReflectionUtils.invokeMethodWithArray(ReflectionUtils.java:189)
	at org.apache.maven.surefire.booter.ProviderFactory$ProviderProxy.invoke(ProviderFactory.java:165)
	at org.apache.maven.surefire.booter.ProviderFactory.invokeProvider(ProviderFactory.java:85)
	at org.apache.maven.surefire.booter.ForkedBooter.runSuitesInProcess(ForkedBooter.java:115)
	at org.apache.maven.surefire.booter.ForkedBooter.main(ForkedBooter.java:75)
Caused by: java.lang.ClassNotFoundException: org.apache.log.format.Formatter
	at java.net.URLClassLoader.findClass(URLClassLoader.java:381)
	at java.lang.ClassLoader.loadClass(ClassLoader.java:424)
	at sun.misc.Launcher$AppClassLoader.loadClass(Launcher.java:331)
	at java.lang.ClassLoader.loadClass(ClassLoader.java:357)
	... 39 more
2016-02-09 18:47:11,486 - Trying to use logger class org.apache.velocity.runtime.log.Log4JLogChute
2016-02-09 18:47:11,486 - Using logger class org.apache.velocity.runtime.log.Log4JLogChute
2016-02-09 18:47:11,487 - Default ResourceManager initializing. (class org.apache.velocity.runtime.resource.ResourceManagerImpl)
2016-02-09 18:47:11,493 - ResourceLoader instantiated: org.apache.velocity.runtime.resource.loader.FileResourceLoader
2016-02-09 18:47:11,494 - Do unicode file recognition:  false
2016-02-09 18:47:11,494 - FileResourceLoader : adding path '.'
2016-02-09 18:47:11,501 - ResourceCache: initialized (class org.apache.velocity.runtime.resource.ResourceCacheImpl)
2016-02-09 18:47:11,502 - Loaded System Directive: org.apache.velocity.runtime.directive.Literal
2016-02-09 18:47:11,502 - Loaded System Directive: org.apache.velocity.runtime.directive.Macro
2016-02-09 18:47:11,516 - Loaded System Directive: org.apache.velocity.runtime.directive.Parse
2016-02-09 18:47:11,517 - Loaded System Directive: org.apache.velocity.runtime.directive.Include
2016-02-09 18:47:11,517 - Loaded System Directive: org.apache.velocity.runtime.directive.Foreach
2016-02-09 18:47:11,562 - Created '20' parsers.
2016-02-09 18:47:11,566 - Velocimacro : "velocimacro.library" is not set.  Trying default library: VM_global_library.vm
2016-02-09 18:47:11,566 - Velocimacro : Default library not found.
2016-02-09 18:47:11,566 - Velocimacro : allowInline = true : VMs can be defined inline in templates
2016-02-09 18:47:11,566 - Velocimacro : allowInlineToOverride = false : VMs defined inline may NOT replace previous VM definitions
2016-02-09 18:47:11,566 - Velocimacro : allowInlineLocal = false : VMs defined inline will be global in scope if allowed.
2016-02-09 18:47:11,566 - Velocimacro : autoload off : VM system will not automatically reload global library macros
2016-02-09 19:18:59,257 - Log4JLogChute initialized using file 'velocity.log'
2016-02-09 19:18:59,257 - Velocity was not initialized! Calling init()...
2016-02-09 19:18:59,257 - Starting Apache Velocity v1.5 (compiled: 2007-02-22 08:52:29)
2016-02-09 19:18:59,257 - Default Properties File: org/apache/velocity/runtime/defaults/velocity.properties
2016-02-09 19:18:59,257 - Trying to use logger class org.apache.velocity.runtime.log.AvalonLogChute
2016-02-09 19:18:59,258 - Couldn't find class org.apache.velocity.runtime.log.AvalonLogChute or necessary supporting classes in classpath.
java.lang.NoClassDefFoundError: org/apache/log/format/Formatter
	at java.lang.Class.forName0(Native Method)
	at java.lang.Class.forName(Class.java:348)
	at org.apache.velocity.util.ClassUtils.getClass(ClassUtils.java:63)
	at org.apache.velocity.util.ClassUtils.getNewInstance(ClassUtils.java:95)
	at org.apache.velocity.runtime.log.LogManager.createLogChute(LogManager.java:147)
	at org.apache.velocity.runtime.log.LogManager.updateLog(LogManager.java:208)
	at org.apache.velocity.runtime.RuntimeInstance.initializeLog(RuntimeInstance.java:728)
	at org.apache.velocity.runtime.RuntimeInstance.init(RuntimeInstance.java:240)
	at org.apache.velocity.runtime.RuntimeInstance.parse(RuntimeInstance.java:993)
	at org.apache.velocity.runtime.RuntimeInstance.parse(RuntimeInstance.java:972)
	at org.apache.velocity.runtime.RuntimeSingleton.parse(RuntimeSingleton.java:265)
	at org.apache.velocity.app.Velocity.evaluate(Velocity.java:274)
	at org.sonatype.mavenbook.weather.WeatherFormatter.format(WeatherFormatter.java:21)
	at org.sonatype.mavenbook.weather.yahoo.WeatherFormatterTest.testFormat(WeatherFormatterTest.java:23)
	at sun.reflect.NativeMethodAccessorImpl.invoke0(Native Method)
	at sun.reflect.NativeMethodAccessorImpl.invoke(NativeMethodAccessorImpl.java:62)
	at sun.reflect.DelegatingMethodAccessorImpl.invoke(DelegatingMethodAccessorImpl.java:43)
	at java.lang.reflect.Method.invoke(Method.java:497)
	at junit.framework.TestCase.runTest(TestCase.java:176)
	at junit.framework.TestCase.runBare(TestCase.java:141)
	at junit.framework.TestResult$1.protect(TestResult.java:122)
	at junit.framework.TestResult.runProtected(TestResult.java:142)
	at junit.framework.TestResult.run(TestResult.java:125)
	at junit.framework.TestCase.run(TestCase.java:129)
	at junit.framework.TestSuite.runTest(TestSuite.java:252)
	at junit.framework.TestSuite.run(TestSuite.java:247)
	at org.junit.internal.runners.JUnit38ClassRunner.run(JUnit38ClassRunner.java:86)
	at org.apache.maven.surefire.junit4.JUnit4Provider.execute(JUnit4Provider.java:252)
	at org.apache.maven.surefire.junit4.JUnit4Provider.executeTestSet(JUnit4Provider.java:141)
	at org.apache.maven.surefire.junit4.JUnit4Provider.invoke(JUnit4Provider.java:112)
	at sun.reflect.NativeMethodAccessorImpl.invoke0(Native Method)
	at sun.reflect.NativeMethodAccessorImpl.invoke(NativeMethodAccessorImpl.java:62)
	at sun.reflect.DelegatingMethodAccessorImpl.invoke(DelegatingMethodAccessorImpl.java:43)
	at java.lang.reflect.Method.invoke(Method.java:497)
	at org.apache.maven.surefire.util.ReflectionUtils.invokeMethodWithArray(ReflectionUtils.java:189)
	at org.apache.maven.surefire.booter.ProviderFactory$ProviderProxy.invoke(ProviderFactory.java:165)
	at org.apache.maven.surefire.booter.ProviderFactory.invokeProvider(ProviderFactory.java:85)
	at org.apache.maven.surefire.booter.ForkedBooter.runSuitesInProcess(ForkedBooter.java:115)
	at org.apache.maven.surefire.booter.ForkedBooter.main(ForkedBooter.java:75)
Caused by: java.lang.ClassNotFoundException: org.apache.log.format.Formatter
	at java.net.URLClassLoader.findClass(URLClassLoader.java:381)
	at java.lang.ClassLoader.loadClass(ClassLoader.java:424)
	at sun.misc.Launcher$AppClassLoader.loadClass(Launcher.java:331)
	at java.lang.ClassLoader.loadClass(ClassLoader.java:357)
	... 39 more
2016-02-09 19:18:59,259 - Trying to use logger class org.apache.velocity.runtime.log.Log4JLogChute
2016-02-09 19:18:59,259 - Using logger class org.apache.velocity.runtime.log.Log4JLogChute
2016-02-09 19:18:59,261 - Default ResourceManager initializing. (class org.apache.velocity.runtime.resource.ResourceManagerImpl)
2016-02-09 19:18:59,262 - ResourceLoader instantiated: org.apache.velocity.runtime.resource.loader.FileResourceLoader
2016-02-09 19:18:59,276 - Do unicode file recognition:  false
2016-02-09 19:18:59,276 - FileResourceLoader : adding path '.'
2016-02-09 19:18:59,287 - ResourceCache: initialized (class org.apache.velocity.runtime.resource.ResourceCacheImpl)
2016-02-09 19:18:59,288 - Loaded System Directive: org.apache.velocity.runtime.directive.Literal
2016-02-09 19:18:59,289 - Loaded System Directive: org.apache.velocity.runtime.directive.Macro
2016-02-09 19:18:59,290 - Loaded System Directive: org.apache.velocity.runtime.directive.Parse
2016-02-09 19:18:59,291 - Loaded System Directive: org.apache.velocity.runtime.directive.Include
2016-02-09 19:18:59,292 - Loaded System Directive: org.apache.velocity.runtime.directive.Foreach
2016-02-09 19:18:59,338 - Created '20' parsers.
2016-02-09 19:18:59,342 - Velocimacro : "velocimacro.library" is not set.  Trying default library: VM_global_library.vm
2016-02-09 19:18:59,342 - Velocimacro : Default library not found.
2016-02-09 19:18:59,342 - Velocimacro : allowInline = true : VMs can be defined inline in templates
2016-02-09 19:18:59,342 - Velocimacro : allowInlineToOverride = false : VMs defined inline may NOT replace previous VM definitions
2016-02-09 19:18:59,342 - Velocimacro : allowInlineLocal = false : VMs defined inline will be global in scope if allowed.
2016-02-09 19:18:59,342 - Velocimacro : autoload off : VM system will not automatically reload global library macros
